c:\users\filipemadt\documents\github\gameenginegame\gameengine\gameengineproject\gameengineproject\x64\debug\vc142.pdb
c:\users\filipemadt\documents\github\gameenginegame\gameengine\gameengineproject\gameengineproject\x64\debug\vc142.idb
c:\users\filipemadt\documents\github\gameenginegame\gameengine\gameengineproject\gameengineproject\x64\debug\bulletcomponent.obj
c:\users\filipemadt\documents\github\gameenginegame\gameengine\gameengineproject\gameengineproject\x64\debug\physicssubsystem.obj
c:\users\filipemadt\documents\github\gameenginegame\gameengine\gameengineproject\gameengineproject\x64\debug\iosubsystem.obj
c:\users\filipemadt\documents\github\gameenginegame\gameengine\gameengineproject\gameengineproject\x64\debug\iocomponent.obj
c:\users\filipemadt\documents\github\gameenginegame\gameengine\gameengineproject\gameengineproject\x64\debug\graphicssubsystem.obj
c:\users\filipemadt\documents\github\gameenginegame\gameengine\gameengineproject\gameengineproject\x64\debug\gameobject.obj
c:\users\filipemadt\documents\github\gameenginegame\gameengine\gameengineproject\gameengineproject\x64\debug\gameengineproject.obj
c:\users\filipemadt\documents\github\gameenginegame\gameengine\gameengineproject\gameengineproject\x64\debug\gameengine.obj
c:\users\filipemadt\documents\github\gameenginegame\gameengine\gameengineproject\gameengineproject\x64\debug\eventqueue.obj
c:\users\filipemadt\documents\github\gameenginegame\gameengine\gameengineproject\gameengineproject\x64\debug\boxshape2d.obj
c:\users\filipemadt\documents\github\gameenginegame\gameengine\gameengineproject\gameengineproject\x64\debug\physicscomponent.obj
c:\users\filipemadt\documents\github\gameenginegame\gameengine\gameengineproject\gameengineproject\x64\debug\netsubsystem.obj
c:\users\filipemadt\documents\github\gameenginegame\gameengine\gameengineproject\gameengineproject\x64\debug\behaviour.obj
c:\users\filipemadt\documents\github\gameenginegame\gameengine\gameengineproject\gameengineproject\x64\debug\aisubsystem.obj
c:\users\filipemadt\documents\github\gameenginegame\gameengine\gameengineproject\gameengineproject\x64\debug\aicomponent.obj
c:\users\filipemadt\documents\github\gameenginegame\gameengine\gameengineproject\gameengineproject\x64\debug\netcomponent.obj
c:\users\filipemadt\documents\github\gameenginegame\gameengine\gameengineproject\gameengineproject\x64\debug\uisubsystem.obj
c:\users\filipemadt\documents\github\gameenginegame\gameengine\gameengineproject\gameengineproject\x64\debug\uicomponent.obj
c:\users\filipemadt\documents\github\gameenginegame\gameengine\gameengineproject\gameengineproject\x64\debug\gameplaysubsystem.obj
c:\users\filipemadt\documents\github\gameenginegame\gameengine\gameengineproject\gameengineproject\x64\debug\gameplaycomponent.obj
c:\users\filipemadt\documents\github\gameenginegame\gameengine\gameengineproject\x64\debug\gameengineproject.exe
c:\users\filipemadt\documents\github\gameenginegame\gameengine\gameengineproject\x64\debug\gameengineproject.ilk
c:\users\filipemadt\documents\github\gameenginegame\gameengine\gameengineproject\x64\debug\gameengineproject.pdb
c:\users\filipemadt\documents\github\gameenginegame\gameengine\gameengineproject\gameengineproject\x64\debug\uisubsystem.new.obj.enc
c:\users\filipemadt\documents\github\gameenginegame\gameengine\gameengineproject\gameengineproject\x64\debug\gameengi.c11079d6.tlog\cl.command.1.tlog
c:\users\filipemadt\documents\github\gameenginegame\gameengine\gameengineproject\gameengineproject\x64\debug\gameengi.c11079d6.tlog\cl.read.1.tlog
c:\users\filipemadt\documents\github\gameenginegame\gameengine\gameengineproject\gameengineproject\x64\debug\gameengi.c11079d6.tlog\cl.write.1.tlog
c:\users\filipemadt\documents\github\gameenginegame\gameengine\gameengineproject\gameengineproject\x64\debug\gameengi.c11079d6.tlog\link.command.1.tlog
c:\users\filipemadt\documents\github\gameenginegame\gameengine\gameengineproject\gameengineproject\x64\debug\gameengi.c11079d6.tlog\link.read.1.tlog
c:\users\filipemadt\documents\github\gameenginegame\gameengine\gameengineproject\gameengineproject\x64\debug\gameengi.c11079d6.tlog\link.write.1.tlog
